[22:21:32] [Server thread/INFO]: Loading properties
[22:21:32] [Server thread/INFO]: Default game type: SURVIVAL
[22:21:32] [Server thread/INFO]: This server is running CraftBukkit version git-Spigot-dcd1643-e60fc34 (MC: 1.12.2) (Implementing API version 1.12.2-R0.1-SNAPSHOT)
[22:21:34] [Server thread/INFO]: Debug logging is disabled
[22:21:34] [Server thread/INFO]: Using 4 threads for Netty based IO
[22:21:34] [Server thread/INFO]: Server Ping Player Sample Count: 12
[22:21:34] [Server thread/INFO]: Generating keypair
[22:21:34] [Server thread/INFO]: Starting Minecraft server on *:25565
[22:21:34] [Server thread/INFO]: Using default channel type
[22:21:36] [Server thread/INFO]: Set PluginClassLoader as parallel capable
[22:21:44] [Server thread/INFO]: The server is running TabooLib 5.59, booting by TrHologram.
[22:21:45] [Server thread/INFO]: [BlockParticles] Loading BlockParticles v1.9.7.2
[22:21:45] [Server thread/INFO]: [WorldEdit] Loading WorldEdit v6.1.7;dd00bb1
[22:21:45] [Server thread/INFO]: [ChatExpressions] Loading ChatExpressions v5.0
[22:21:45] [Server thread/INFO]: [Skript] Loading Skript v2.2-dev25
[22:21:45] [Server thread/INFO]: [Essentials] Loading Essentials vTeamCity
[22:21:45] [Server thread/INFO]: [PlaceholderAPI] Loading PlaceholderAPI v2.10.9
[22:21:45] [Server thread/INFO]: [BedWarsFireballFix] Loading BedWarsFireballFix v0.2
[22:21:45] [Server thread/INFO]: [PrivateMessage] Loading PrivateMessage v1.3
[22:21:45] [Server thread/INFO]: [MySkin] Loading MySkin v3.1
[22:21:45] [Server thread/INFO]: [VoidSpawn] Loading VoidSpawn v1.17.0
[22:21:45] [Server thread/INFO]: [WorldGuard] Loading WorldGuard v6.2.2-SNAPSHOT;8eeab68
[22:21:45] [Server thread/INFO]: [GSigns] Loading GSigns v6.6
[22:21:45] [Server thread/INFO]: [OldCombatMechanics] Loading OldCombatMechanics v1.9.0
[22:21:45] [Server thread/INFO]: [InteractiveBooks] Loading InteractiveBooks v1.3.4
[22:21:45] [Server thread/INFO]: [PermissionsEx] Loading PermissionsEx v1.23.4
[22:21:45] [Server thread/WARN]: [PermissionsEx] This server is in offline mode. Unless this server is configured to integrate with a supported proxy (see http://dft.ba/-8ous), UUIDs *may not be stable*!
[22:21:45] [Server thread/INFO]: [MOTD] Loading MOTD v2.3.2
[22:21:45] [Server thread/INFO]: [ViaVersion] Loading ViaVersion v3.2.2-SNAPSHOT
[22:21:45] [Server thread/INFO]: [ViaVersion] ViaVersion 3.2.2-SNAPSHOT is now loaded, injecting!
[22:21:46] [Via-Mappingloader-0/INFO]: [ViaVersion] Loading 1.12 -> 1.13 mappings...
[22:21:46] [Via-Mappingloader-1/INFO]: [ViaVersion] Loading 1.13 -> 1.13.2 mappings...
[22:21:46] [Via-Mappingloader-2/INFO]: [ViaVersion] Loading 1.13.2 -> 1.14 mappings...
[22:21:47] [Via-Mappingloader-3/INFO]: [ViaVersion] Loading 1.14 -> 1.15 mappings...
[22:21:47] [Via-Mappingloader-0/INFO]: [ViaVersion] Loading block connection mappings ...
[22:21:47] [Via-Mappingloader-3/INFO]: [ViaVersion] Loading 1.16 -> 1.16.2 mappings...
[22:21:47] [Server thread/INFO]: [Vault] Loading Vault v1.6.1
[22:21:47] [Server thread/INFO]: [ViaBackwards] Loading ViaBackwards v3.2.1-SNAPSHOT
[22:21:47] [Server thread/INFO]: [ViaRewind] Loading ViaRewind v1.5.3
[22:21:47] [Server thread/INFO]: [LeakParkour] Loading LeakParkour v3.0.7
[22:21:47] [Server thread/INFO]: [TrHologram] Loading TrHologram v2.2
[22:21:47] [Via-Mappingloader-4/INFO]: [ViaVersion] Loading 1.15 -> 1.16 mappings...
[22:21:47] [Server thread/INFO]: [ProtocolLib] Loading ProtocolLib v4.5.1
[22:21:49] [Server thread/INFO]: [Citizens] Loading Citizens v2.0.24-SNAPSHOT (build 1605)
[22:21:49] [Server thread/INFO]: [RankCommand] Loading RankCommand v1.4
[22:21:49] [Server thread/INFO]: [ChestCommands] Loading ChestCommands v3.5.6
[22:21:49] [Server thread/INFO]: [ajLeaderboards] Loading ajLeaderboards v1.2.2
[22:21:49] [Server thread/INFO]: [BedWars1058] Loading BedWars1058 v21.2
[22:21:49] [Server thread/INFO]: [BedWars1058] Loading support for paper/spigot: v1_12_R1
[22:21:50] [Server thread/INFO]: [BedWars1058-PopUpTowers] Loading BedWars1058-PopUpTowers v0.5
[22:21:50] [Server thread/INFO]: [BedWars1058-GenSplit] Loading BedWars1058-GenSplit v0.3
[22:21:50] [Server thread/INFO]: [TAB] Loading TAB v2.6.5
[22:21:50] [Server thread/INFO]: [CommandNPC] Loading CommandNPC v1.9.1
[22:21:50] [Server thread/INFO]: [BedWars1058-TeamSelector] Loading BedWars1058-TeamSelector v0.7
[22:21:50] [Server thread/INFO]: [UltraDeliveryMan] Loading UltraDeliveryMan v1.8.0
[22:21:50] [Server thread/INFO]: [GadgetsMenu] Loading GadgetsMenu v4.5.27
[22:21:50] [Server thread/INFO]: [BedWars1058-Map] Loading BedWars1058-Map v0.6
[22:21:50] [Server thread/INFO]: [Vault] Enabling Vault v1.6.1
[22:21:50] [Server thread/INFO]: [Vault] [Economy] Essentials Economy found: Waiting
[22:21:50] [Server thread/INFO]: [Vault] [Permission] PermissionsEx found: Waiting
[22:21:50] [Server thread/INFO]: [Vault] [Permission] SuperPermissions loaded as backup permission system.
[22:21:50] [Server thread/INFO]: [Vault] [Chat] PermissionsEx found: Waiting
[22:21:50] [Server thread/INFO]: [Vault] Plugin enabled (168ms)
[22:21:50] [Server thread/INFO]: [ViaBackwards] Enabling ViaBackwards v3.2.1-SNAPSHOT
[22:21:50] [Server thread/INFO]: [ViaBackwards] Loading translations...
[22:21:50] [Server thread/INFO]: [ViaBackwards] Registering protocols...
[22:21:51] [Via-Mappingloader-0/INFO]: [ViaVersion] Loading 1.10 -> 1.9.4 mappings...
[22:21:51] [Via-Mappingloader-0/INFO]: [ViaVersion] Loading 1.11 -> 1.10 mappings...
[22:21:51] [Via-Mappingloader-0/INFO]: [ViaVersion] Loading 1.13 -> 1.12 mappings...
[22:21:51] [Via-Mappingloader-3/INFO]: [ViaVersion] Loading 1.13.2 -> 1.13 mappings...
[22:21:51] [Via-Mappingloader-0/INFO]: [ViaVersion] Loading 1.14 -> 1.13.2 mappings...
[22:21:51] [Via-Mappingloader-0/INFO]: [ViaVersion] Loading 1.15 -> 1.14 mappings...
[22:21:51] [Via-Mappingloader-0/INFO]: [ViaVersion] Loading 1.16 -> 1.15 mappings...
[22:21:51] [Via-Mappingloader-0/INFO]: [ViaVersion] Loading 1.16.2 -> 1.16 mappings...
[22:21:51] [Server thread/INFO]: [ViaRewind] Enabling ViaRewind v1.5.3
[22:21:52] [Server thread/INFO]: [ProtocolLib] Enabling ProtocolLib v4.5.1
[22:21:52] [Server thread/INFO]: [ProtocolLib] Started structure compiler thread.
[22:21:52] [Server thread/INFO]: [BedWars1058] Enabling BedWars1058 v21.2
[22:21:52] [Server thread/INFO]: [BedWars1058] Arena amazon was added to the enable queue.
[22:21:52] [Server thread/INFO]: [BedWars1058] Loading arena: amazon
[22:21:52] [Server thread/INFO]: [BedWars1058] Arena chained was added to the enable queue.
[22:21:52] [Server thread/INFO]: [BedWars1058] Arena speedway was added to the enable queue.
[22:21:52] [Server thread/INFO]: [BedWars1058] Arena treenan was added to the enable queue.
[22:21:52] [Server thread/INFO]: [BedWars1058] Hook into PlaceholderAPI support!
[22:21:52] [Server thread/INFO]: [PlaceholderAPI] Successfully registered expansion: bw1058
[22:21:52] [Server thread/INFO]: [BedWars1058] Hook into vault chat support!
[22:21:52] [Server thread/INFO]: [BedWars1058] Hook into vault economy support!
[22:21:53] [Server thread/WARN]: Scoreboard placeholders refresh interval is set to: 2
[22:21:53] [Server thread/WARN]: It is not recommended to use a value under 20 ticks.
[22:21:53] [Server thread/WARN]: If you expect performance issues please increase its timer.
[22:21:53] [Server thread/INFO]: [BedWars1058] Downloaded from https://directleaks.net
[22:21:53] [Server thread/WARN]: **** SERVER IS RUNNING IN OFFLINE/INSECURE MODE!
[22:21:53] [Server thread/WARN]: The server will make no attempt to authenticate usernames. Beware.
[22:21:53] [Server thread/WARN]: While this makes the game possible to play without internet access, it also opens up the ability for hackers to connect with any username they choose.
[22:21:53] [Server thread/WARN]: To change this, set "online-mode" to "true" in the server.properties file.
[22:21:53] [Server thread/INFO]: **** Beginning UUID conversion, this may take A LONG time ****
[22:21:53] [Server thread/INFO]: Preparing level "world"
[22:21:53] [Server thread/INFO]: -------- World Settings For [world] --------
[22:21:53] [Server thread/INFO]: Custom Map Seeds:  Village: 10387312 Feature: 14357617 Monument: 10387313 Slime: 987234911
[22:21:53] [Server thread/INFO]: Allow Zombie Pigmen to spawn from portal blocks: true
[22:21:53] [Server thread/INFO]: Item Despawn Rate: 6000
[22:21:53] [Server thread/INFO]: Item Merge Radius: 2.5
[22:21:53] [Server thread/INFO]: Arrow Despawn Rate: 1200
[22:21:53] [Server thread/INFO]: View Distance: 10
[22:21:53] [Server thread/INFO]: Nerfing mobs spawned from spawners: false
[22:21:53] [Server thread/INFO]: Zombie Aggressive Towards Villager: true
[22:21:53] [Server thread/INFO]: Experience Merge Radius: 3.0
[22:21:53] [Server thread/INFO]: Mob Spawn Range: 4
[22:21:53] [Server thread/INFO]: Cactus Growth Modifier: 100%
[22:21:53] [Server thread/INFO]: Cane Growth Modifier: 100%
[22:21:53] [Server thread/INFO]: Melon Growth Modifier: 100%
[22:21:53] [Server thread/INFO]: Mushroom Growth Modifier: 100%
[22:21:53] [Server thread/INFO]: Pumpkin Growth Modifier: 100%
[22:21:53] [Server thread/INFO]: Sapling Growth Modifier: 100%
[22:21:53] [Server thread/INFO]: Wheat Growth Modifier: 100%
[22:21:53] [Server thread/INFO]: NetherWart Growth Modifier: 100%
[22:21:53] [Server thread/INFO]: Vine Growth Modifier: 100%
[22:21:53] [Server thread/INFO]: Cocoa Growth Modifier: 100%
[22:21:53] [Server thread/INFO]: Entity Activation Range: An 32 / Mo 32 / Mi 16 / Tiv true
[22:21:53] [Server thread/INFO]: Random Lighting Updates: false
[22:21:53] [Server thread/INFO]: Structure Info Saving: true
[22:21:53] [Server thread/INFO]: Max TNT Explosions: 100
[22:21:53] [Server thread/INFO]: Hopper Transfer: 8 Hopper Check: 8 Hopper Amount: 1
[22:21:53] [Server thread/INFO]: Tile Max Tick Time: 50ms Entity max Tick Time: 50ms
[22:21:53] [Server thread/INFO]: Entity Tracking Range: Pl 48 / An 48 / Mo 48 / Mi 32 / Other 64
[22:21:54] [Server thread/INFO]: Preparing start region for level 0 (Seed: 0)
[22:21:55] [Server thread/INFO]: Preparing spawn area: 72%
[22:21:55] [Server thread/INFO]: [BlockParticles] Enabling BlockParticles v1.9.7.2
[22:21:55] [Server thread/INFO]: [WorldEdit] Enabling WorldEdit v6.1.7;dd00bb1
[22:21:56] [Server thread/INFO]: WEPIF: Using the Bukkit Permissions API.
[22:21:56] [Server thread/INFO]: [WorldEdit] Using com.sk89q.worldedit.bukkit.adapter.impl.Spigot_v1_12_R1 as the Bukkit adapter
[22:21:56] [Server thread/INFO]: [ChatExpressions] Enabling ChatExpressions v5.0
[22:21:56] [Server thread/INFO]: [Skript] Enabling Skript v2.2-dev25
[22:21:57] [Server thread/INFO]: [Skript] Starting updater thread
[22:21:58] [Server thread/INFO]: [Skript] Loaded a total of 20487 english aliases
[22:21:58] [Server thread/WARN]: [Skript] There are no aliases defined for the following ids: 235, 236, 237, 238, 239, 240, 241, 242, 243, 244, 245, 246, 247, 248, 249, 250, 251, 252, 438, 441, 453
[22:21:58] [Server thread/INFO]: [Skript]  ~ created by & © Peter Güttinger aka Njol ~
[22:21:58] [Server thread/INFO]: [Essentials] Enabling Essentials vTeamCity
[22:21:58] [Server thread/INFO]: Bukkit version format changed. Version not checked.
[22:21:58] [Server thread/INFO]: git-Spigot-dcd1643-e60fc34 (MC: 1.12.2)
[22:21:58] [Server thread/INFO]: 1.12.2-R0.1-SNAPSHOT
[22:21:58] [Server thread/INFO]: Using locale en_US
[22:21:58] [Server thread/INFO]: Using locale en_US
[22:21:58] [Server thread/INFO]: [Vault][Economy] Essentials Economy hooked.
[22:21:58] [Server thread/INFO]: Essentials: Using config file enhanced permissions.
[22:21:58] [Server thread/INFO]: Permissions listed in as player-commands will be given to all users.
[22:21:58] [Server thread/INFO]: [PlaceholderAPI] Enabling PlaceholderAPI v2.10.9
[22:21:58] [Server thread/INFO]: [PlaceholderAPI] Fetching available expansion information...
[22:21:58] [Server thread/INFO]: [BedWarsFireballFix] Enabling BedWarsFireballFix v0.2
[22:21:58] [Server thread/INFO]:  [m
[22:21:58] [Server thread/INFO]: BedWars1058 Fireball Fix[m
[22:21:58] [Server thread/INFO]: by kimoVoid[m
[22:21:58] [Server thread/INFO]:  [m
[22:21:58] [Server thread/INFO]: [PrivateMessage] Enabling PrivateMessage v1.3
[22:21:58] [Server thread/INFO]: [MySkin] Enabling MySkin v3.1
[22:21:58] [Server thread/INFO]: [0;32;1m[MySkin] Running on server version [0;33;1mv1_12_R1[m
[22:21:58] [Server thread/INFO]: [VoidSpawn] Enabling VoidSpawn v1.17.0
[22:21:58] [Server thread/INFO]: [0;36;22m[[0;35;1mVoidSpawn[0;36;22m] [m[0;33;1mNo SkyBlock plugins found, disabling island mode support.[m
[22:21:58] [Server thread/INFO]: [0;36;22m[[0;35;1mVoidSpawn[0;36;22m] [m[0;33;1mv1.17.0 by EnderCrest enabled[m
[22:21:58] [Server thread/INFO]: [WorldGuard] Enabling WorldGuard v6.2.2-SNAPSHOT;8eeab68
[22:21:59] [Server thread/INFO]: [WorldGuard] (world) TNT ignition is PERMITTED.
[22:21:59] [Server thread/INFO]: [WorldGuard] (world) Lighters are PERMITTED.
[22:21:59] [Server thread/INFO]: [WorldGuard] (world) Lava fire is blocked.
[22:21:59] [Server thread/INFO]: [WorldGuard] (world) Fire spread is UNRESTRICTED.
[22:21:59] [Server thread/INFO]: [WorldGuard] Loaded configuration for world 'world'
[22:21:59] [Server thread/INFO]: [WorldGuard] Loading region data...
[22:21:59] [Server thread/INFO]: [GSigns] Enabling GSigns v6.6
[22:22:00] [Server thread/INFO]: [OldCombatMechanics] Enabling OldCombatMechanics v1.9.0
[22:22:01] [Server thread/INFO]: [PlaceholderAPI] Successfully registered expansion: ocm
[22:22:01] [Server thread/INFO]: [OldCombatMechanics] OldCombatMechanics v1.9.0 has been enabled
[22:22:01] [Server thread/INFO]: [InteractiveBooks] Enabling InteractiveBooks v1.3.4
[22:22:01] [Server thread/INFO]: [PermissionsEx] Enabling PermissionsEx v1.23.4
[22:22:01] [Server thread/INFO]: [PermissionsEx] Initializing file backend
[22:22:01] [Server thread/INFO]: [PermissionsEx] Permissions file successfully reloaded
[22:22:01] [Server thread/INFO]: WEPIF: PermissionsEx detected! Using PermissionsEx for permissions.
[22:22:01] [Server thread/INFO]: [Vault][Permission] PermissionsEx hooked.
[22:22:01] [Server thread/INFO]: [Vault][Chat] PermissionsEx_Chat hooked.
[22:22:01] [Server thread/INFO]: Essentials: Using PermissionsEx based permissions.
[22:22:01] [Server thread/INFO]: [MOTD] Enabling MOTD v2.3.2
[22:22:01] [Server thread/INFO]: [ViaVersion] Enabling ViaVersion v3.2.2-SNAPSHOT
[22:22:01] [Server thread/INFO]: [LeakParkour] Enabling LeakParkour v3.0.7
[22:22:01] [Server thread/INFO]: [PlaceholderAPI] Successfully registered expansion: leakparkour
[22:22:01] [Server thread/INFO]: [0;32;1m [m[m
[22:22:01] [Server thread/INFO]: [0;32;1m**************************************************[m[m
[22:22:01] [Server thread/INFO]: [0;32;1m----------------- LEAK PARKOUR ------------------[m[m
[22:22:01] [Server thread/INFO]: [0;32;1m [m[m
[22:22:01] [Server thread/INFO]: [0;31;1mLicense:[m[m
[22:22:01] [Server thread/INFO]: [0;31;1m   - Do not modify plugin![m[m
[22:22:01] [Server thread/INFO]: [0;31;1m   - Do not share/upload anywhere![m[m
[22:22:01] [Server thread/INFO]: [0;31;1m   - Do not use for commercial purposes![m[m
[22:22:01] [Server thread/INFO]: [0;32;1m [m[m
[22:22:01] [Server thread/INFO]: [0;33;1mIf you want download new version just copy this:[m[m
[22:22:01] [Server thread/INFO]: [0;33;1m> http://bit.ly/2w7Qilh[m[m
[22:22:01] [Server thread/INFO]: [0;32;1m [m[m
[22:22:01] [Server thread/INFO]: [0;32;1m---------------- PROBLEM DETECTOR ---------------[m[m
[22:22:01] [Server thread/INFO]: [0;32;1m [m[m
[22:22:01] [Server thread/INFO]: [0;32;1m >  No problems found. :)[m[m
[22:22:01] [Server thread/INFO]: [0;32;1m [m[m
[22:22:01] [Server thread/INFO]: [0;32;1m**************************************************[m[m
[22:22:01] [Server thread/INFO]: [0;32;1m [m[m
[22:22:01] [Server thread/INFO]: [TrHologram] Enabling TrHologram v2.2
[22:22:02] [Server thread/WARN]: SLF4J: Failed to load class "org.slf4j.impl.StaticLoggerBinder".
[22:22:02] [Server thread/WARN]: SLF4J: Defaulting to no-operation (NOP) logger implementation
[22:22:02] [Server thread/WARN]: SLF4J: See http://www.slf4j.org/codes.html#StaticLoggerBinder for further details.
[22:22:02] [Server thread/INFO]: [0;30;1m[[0;36;22m[21mTrHologram[0;30;1m][[m[0;36;1mINFO[0;30;1m] [0;37;1m[0;37;22m插件 [0;37;1mTabooLib [0;37;22m注册新的连接池: [0;37;1mjdbc:sqlite:plugins\TabooLib\playerdata\v2\data.db[m
[22:22:02] [Server thread/INFO]: [0;30;1m[[0;32;22mTr[0;32;1mHologram[0;30;1m] [0;32;1mFINE [0;30;1m| [0;32;1m11 [0;36;22mholograms were loaded [0;30;1m(81.0084 ms)[m
[22:22:02] [Server thread/INFO]: [0;30;1m[[0;32;22mTr[0;32;1mHologram[0;30;1m] [0;36;1mINFO [0;30;1m| [0;36;22mPlugin has been enabled. Currently running version [0;32;22m2.2[0;37;22m.[m
[22:22:02] [Server thread/INFO]: [Citizens] Enabling Citizens v2.0.24-SNAPSHOT (build 1605)
[22:22:02] [Server thread/INFO]: [RankCommand] Enabling RankCommand v1.4
[22:22:02] [Server thread/INFO]: [ChestCommands] Enabling ChestCommands v3.5.6
[22:22:02] [Server thread/INFO]: [ChestCommands] Hooked PlaceholderAPI
[22:22:02] [Server thread/INFO]: [ChestCommands] Enabled Title features
[22:22:02] [Server thread/INFO]: [ajLeaderboards] Enabling ajLeaderboards v1.2.2
[22:22:02] [Server thread/INFO]: [PlaceholderAPI] Successfully registered expansion: ajleaderboards
[22:22:02] [Server thread/INFO]: [ajLeaderboards] Plugin enabled! 3 leaderboards loaded.
[22:22:02] [Server thread/INFO]: [BedWars1058-PopUpTowers] Enabling BedWars1058-PopUpTowers v0.5
[22:22:02] [Server thread/INFO]:  [m
[22:22:02] [Server thread/INFO]: BedWars1058 Pop-Up Towers[m
[22:22:02] [Server thread/INFO]: by kimoVoid[m
[22:22:02] [Server thread/INFO]:  [m
[22:22:02] [Server thread/INFO]: [BedWars1058-GenSplit] Enabling BedWars1058-GenSplit v0.3
[22:22:02] [Server thread/INFO]:  [m
[22:22:02] [Server thread/INFO]: BedWars1058 Generator Split[m
[22:22:02] [Server thread/INFO]: by kimoVoid[m
[22:22:02] [Server thread/INFO]:  [m
[22:22:02] [Server thread/INFO]: [TAB] Enabling TAB v2.6.5
[22:22:02] [Server thread/INFO]: [0;37;22m[TAB] Server version: 1.12.2 (v1_12_R1)[m
[22:22:02] [Server thread/INFO]: [PlaceholderAPI] Successfully registered expansion: tab
[22:22:02] [Server thread/INFO]: [0;32;1m[TAB] Enabled in 198ms[m
[22:22:02] [Server thread/INFO]: [CommandNPC] Enabling CommandNPC v1.9.1
[22:22:02] [Server thread/INFO]: [0;30;1m[[0;32;22mCommandNPC[0;30;1m] [0;33;22mVault compatible economy found! Economy support for CommandNPC has been enabled.[m
[22:22:02] [Server thread/INFO]: [0;30;1m[[0;32;22mCommandNPC[0;30;1m] [0;33;22mInitiating Database[m
[22:22:03] [Thread-18/INFO]: [0;30;1m[[0;32;22mCommandNPC[0;30;1m] [0;33;22mLoading commands complete![m
[22:22:03] [Server thread/INFO]: [0;30;1m[[0;32;22mCommandNPC[0;30;1m] [0;33;22mInjecting command info into Citizens.[m
[22:22:03] [Server thread/INFO]: [0;30;1m[[0;32;22mCommandNPC[0;30;1m] [0;33;22mCommandNPC successfully loaded![m
[22:22:03] [Server thread/INFO]: [BedWars1058-TeamSelector] Enabling BedWars1058-TeamSelector v0.7
[22:22:03] [Server thread/INFO]: [BedWars1058-TeamSelector] Hook into BedWars1058!
[22:22:03] [Server thread/INFO]: [UltraDeliveryMan] Enabling UltraDeliveryMan v1.8.0
[22:22:03] [Server thread/INFO]: [0;31;1m[21mUltraDM [0;30;1m| [0;32;1mHooked into [0;30;1mPlaceholderAPI[0;32;1m correctly![m
[22:22:03] [Server thread/INFO]: [PlaceholderAPI] Successfully registered expansion: udm
[22:22:03] [Server thread/INFO]: [0;31;1m[21mUltraDM [0;30;1m| [0;33;1mSQLLite connected correctly.[m
[22:22:03] [Server thread/INFO]: [GadgetsMenu] Enabling GadgetsMenu v4.5.27
[22:22:04] [Server thread/INFO]: [GadgetsMenu] ------------------------------------------------------
[22:22:04] [Server thread/INFO]: [GadgetsMenu]       GadgetsMenu [Premium] 4.5.27 is loading...
[22:22:04] [Server thread/INFO]: [GadgetsMenu]   [server: git-Spigot-dcd1643-e60fc34 (MC: 1.12.2)]
[22:22:04] [Server thread/INFO]: [GadgetsMenu]                Plugin by Yap Zhen Yie.
[22:22:04] [Server thread/INFO]: [GadgetsMenu]              Date Modified: 30 June 2020
[22:22:04] [Server thread/INFO]: [GadgetsMenu]                            
[22:22:04] [Server thread/INFO]: [GadgetsMenu]              Initializing module v1_12_R1
[22:22:04] [Server thread/INFO]: [GadgetsMenu] ------------------------------------------------------
[22:22:08] [Server thread/INFO]: [GadgetsMenu] Connecting to SQLite database...
[22:22:08] [Server thread/INFO]: [GadgetsMenu] Successfully connected to SQLite database.
[22:22:08] [Server thread/INFO]: [GadgetsMenu] Enabled Mystery Vault individual hologram.
[22:22:08] [Server thread/INFO]: [PlaceholderAPI] Successfully registered expansion: gadgetsmenu
[22:22:08] [Server thread/INFO]: [GadgetsMenu] [Placeholder] PlaceholderAPI hooked.
[22:22:08] [Server thread/INFO]: [BedWars1058-Map] Enabling BedWars1058-Map v0.6
[22:22:08] [Server thread/INFO]: [BedWars1058-Map] Hook into BedWars1058!
[22:22:08] [Server thread/INFO]: [BedWars1058-Map] Hook into BedWars1058!
[22:22:08] [Server thread/INFO]: Server permissions file permissions.yml is empty, ignoring it
[22:22:08] [Server thread/INFO]: Done (15.198s)! For help, type "help" or "?"
[22:22:11] [Server thread/INFO]: [Skript] Loading variables...
[22:22:11] [Server thread/INFO]: [Skript] Loaded 116 variables in 0.0 seconds
[22:22:11] [Server thread/INFO]: [Skript] All scripts loaded without errors.
[22:22:11] [Server thread/INFO]: [Skript] Loaded 1 script with a total of 1 trigger and 0 commands in 0.07 seconds
[22:22:11] [Server thread/INFO]: [Skript] Finished loading.
[22:22:11] [Server thread/INFO]: [ViaVersion] ViaVersion detected server version: 1.12.2 (340)
[22:22:11] [Craft Scheduler Thread - 2/INFO]: [Vault] You are running the latest version
[22:22:12] [Server thread/INFO]: [PlaceholderAPI] Placeholder expansion registration initializing...
[22:22:12] [Craft Scheduler Thread - 314/INFO]: [0;31;1m[MySkin] You are running outdated version [0;33;1m3.1[m
[22:22:12] [Craft Scheduler Thread - 314/INFO]: [0;31;1m[MySkin] Please, download the latest update from https://www.spigotmc.org/resources/52303/[m
[22:22:13] [Server thread/INFO]: [Citizens] Loaded 9 NPCs.
[22:22:13] [Server thread/INFO]: GSigns | Succesfully loaded [0;32;1m1[m signs in 0.15s.[m
[22:22:13] [Server thread/INFO]: [0;32;22m[[0;32;1mChestCommands[0;32;22m] [0;32;1mFound a new version: v4.0.3[0;37;1m (yours: v3.5.6)[m
[22:22:13] [Server thread/INFO]: [0;32;22m[[0;32;1mChestCommands[0;32;22m] [0;32;1m[0;37;1mDownload it on Bukkit Dev:[m
[22:22:13] [Server thread/INFO]: [0;32;22m[[0;32;1mChestCommands[0;32;22m] [0;32;1m[0;37;1mdev.bukkit.org/bukkit-plugins/chest-commands[m
[22:22:13] [Server thread/INFO]: [ViaVersion] Finished mapping loading, shutting down loader executor!
[22:22:13] [Server thread/WARN]: [ViaVersion] You are running a development version, please report any bugs to GitHub.
[22:22:13] [Server thread/INFO]: [PlaceholderAPI] Successfully registered expansion: Animations
[22:22:13] [Server thread/INFO]: [PlaceholderAPI] Successfully registered expansion: player
[22:22:13] [Server thread/INFO]: [PlaceholderAPI] Successfully registered expansion: rainbowcolor
[22:22:13] [Server thread/INFO]: [PlaceholderAPI] Successfully registered expansion: randomcolor
[22:22:13] [Server thread/INFO]: [PlaceholderAPI] Successfully registered expansion: server
[22:22:13] [Server thread/INFO]: [PlaceholderAPI] Successfully registered expansion: vault
[22:22:13] [Server thread/INFO]: 6[0;32;1m placeholder hooks successfully registered![m
[22:22:13] [Server thread/INFO]: [BedWars1058] Loading internal Party system. /party
[22:22:13] [Server thread/INFO]: -------- World Settings For [amazon] --------
[22:22:13] [Server thread/INFO]: Custom Map Seeds:  Village: 10387312 Feature: 14357617 Monument: 10387313 Slime: 987234911
[22:22:13] [Server thread/INFO]: Allow Zombie Pigmen to spawn from portal blocks: true
[22:22:13] [Server thread/INFO]: Item Despawn Rate: 6000
[22:22:13] [Server thread/INFO]: Item Merge Radius: 2.5
[22:22:13] [Server thread/INFO]: Arrow Despawn Rate: 1200
[22:22:13] [Server thread/INFO]: View Distance: 10
[22:22:13] [Server thread/INFO]: Nerfing mobs spawned from spawners: false
[22:22:13] [Server thread/INFO]: Zombie Aggressive Towards Villager: true
[22:22:13] [Server thread/INFO]: Experience Merge Radius: 3.0
[22:22:13] [Server thread/INFO]: Mob Spawn Range: 4
[22:22:13] [Server thread/INFO]: Cactus Growth Modifier: 100%
[22:22:13] [Server thread/INFO]: Cane Growth Modifier: 100%
[22:22:13] [Server thread/INFO]: Melon Growth Modifier: 100%
[22:22:13] [Server thread/INFO]: Mushroom Growth Modifier: 100%
[22:22:13] [Server thread/INFO]: Pumpkin Growth Modifier: 100%
[22:22:13] [Server thread/INFO]: Sapling Growth Modifier: 100%
[22:22:13] [Server thread/INFO]: Wheat Growth Modifier: 100%
[22:22:13] [Server thread/INFO]: NetherWart Growth Modifier: 100%
[22:22:13] [Server thread/INFO]: Vine Growth Modifier: 100%
[22:22:13] [Server thread/INFO]: Cocoa Growth Modifier: 100%
[22:22:13] [Server thread/INFO]: Entity Activation Range: An 32 / Mo 32 / Mi 16 / Tiv true
[22:22:13] [Server thread/INFO]: Random Lighting Updates: false
[22:22:13] [Server thread/INFO]: Structure Info Saving: true
[22:22:13] [Server thread/INFO]: Max TNT Explosions: 100
[22:22:13] [Server thread/INFO]: Hopper Transfer: 8 Hopper Check: 8 Hopper Amount: 1
[22:22:13] [Server thread/INFO]: Tile Max Tick Time: 50ms Entity max Tick Time: 50ms
[22:22:13] [Server thread/INFO]: Entity Tracking Range: Pl 48 / An 48 / Mo 48 / Mi 32 / Other 64
[22:22:13] [Server thread/INFO]: Preparing start region for level 1 (Seed: 7757632420636991452)
[22:22:14] [Craft Scheduler Thread - 4/INFO]: [0;37;22m[[0;33;22mSkript[0;37;22m][m You're currently running custom Skript version. No updates will be automatically installed.[m
[22:22:14] [Server thread/INFO]: Preparing spawn area for amazon, 0%
[22:22:15] [Server thread/INFO]: [BedWars1058] Loading arena: chained
[22:22:15] [Server thread/WARN]: [BedWars1058] Using TeamSelectorAssigner team assigner on arena: amazon
[22:22:15] [Server thread/INFO]: [BedWars1058] Load done: amazon
[22:22:15] [Server thread/INFO]: [WorldGuard] (amazon) TNT ignition is PERMITTED.
[22:22:15] [Server thread/INFO]: [WorldGuard] (amazon) Lighters are PERMITTED.
[22:22:15] [Server thread/INFO]: [WorldGuard] (amazon) Lava fire is blocked.
[22:22:15] [Server thread/INFO]: [WorldGuard] (amazon) Fire spread is UNRESTRICTED.
[22:22:15] [Server thread/INFO]: [WorldGuard] Loaded configuration for world 'amazon'
[22:22:15] [Server thread/INFO]: -------- World Settings For [chained] --------
[22:22:15] [Server thread/INFO]: Custom Map Seeds:  Village: 10387312 Feature: 14357617 Monument: 10387313 Slime: 987234911
[22:22:15] [Server thread/INFO]: Allow Zombie Pigmen to spawn from portal blocks: true
[22:22:15] [Server thread/INFO]: Item Despawn Rate: 6000
[22:22:15] [Server thread/INFO]: Item Merge Radius: 2.5
[22:22:15] [Server thread/INFO]: Arrow Despawn Rate: 1200
[22:22:15] [Server thread/INFO]: View Distance: 10
[22:22:15] [Server thread/INFO]: Nerfing mobs spawned from spawners: false
[22:22:15] [Server thread/INFO]: Zombie Aggressive Towards Villager: true
[22:22:15] [Server thread/INFO]: Experience Merge Radius: 3.0
[22:22:15] [Server thread/INFO]: Mob Spawn Range: 4
[22:22:15] [Server thread/INFO]: Cactus Growth Modifier: 100%
[22:22:15] [Server thread/INFO]: Cane Growth Modifier: 100%
[22:22:15] [Server thread/INFO]: Melon Growth Modifier: 100%
[22:22:15] [Server thread/INFO]: Mushroom Growth Modifier: 100%
[22:22:15] [Server thread/INFO]: Pumpkin Growth Modifier: 100%
[22:22:15] [Server thread/INFO]: Sapling Growth Modifier: 100%
[22:22:15] [Server thread/INFO]: Wheat Growth Modifier: 100%
[22:22:15] [Server thread/INFO]: NetherWart Growth Modifier: 100%
[22:22:15] [Server thread/INFO]: Vine Growth Modifier: 100%
[22:22:15] [Server thread/INFO]: Cocoa Growth Modifier: 100%
[22:22:15] [Server thread/INFO]: Entity Activation Range: An 32 / Mo 32 / Mi 16 / Tiv true
[22:22:15] [Server thread/INFO]: Random Lighting Updates: false
[22:22:15] [Server thread/INFO]: Structure Info Saving: true
[22:22:15] [Server thread/INFO]: Max TNT Explosions: 100
[22:22:15] [Server thread/INFO]: Hopper Transfer: 8 Hopper Check: 8 Hopper Amount: 1
[22:22:15] [Server thread/INFO]: Tile Max Tick Time: 50ms Entity max Tick Time: 50ms
[22:22:15] [Server thread/INFO]: Entity Tracking Range: Pl 48 / An 48 / Mo 48 / Mi 32 / Other 64
[22:22:16] [Server thread/INFO]: Preparing start region for level 2 (Seed: 4864375079033559735)
[22:22:16] [Server thread/INFO]: [BedWars1058] Loading arena: speedway
[22:22:16] [Server thread/WARN]: [BedWars1058] Using TeamSelectorAssigner team assigner on arena: chained
[22:22:16] [Server thread/INFO]: [BedWars1058] Load done: chained
[22:22:16] [Server thread/INFO]: [WorldGuard] (chained) TNT ignition is PERMITTED.
[22:22:16] [Server thread/INFO]: [WorldGuard] (chained) Lighters are PERMITTED.
[22:22:16] [Server thread/INFO]: [WorldGuard] (chained) Lava fire is blocked.
[22:22:16] [Server thread/INFO]: [WorldGuard] (chained) Fire spread is UNRESTRICTED.
[22:22:16] [Server thread/INFO]: [WorldGuard] Loaded configuration for world 'chained'
[22:22:17] [Server thread/INFO]: [0;33;1m[ProtocolLib] The updater found an update: 4.6.0 (Running 4.5.1). Download at https://www.spigotmc.org/resources/protocollib.1997/[m
[22:22:17] [Server thread/INFO]: [31m[WARN] BedWars1058 may drop support for this server version in the future.
Please consider upgrading to a newer paper/spigot version.[0m
[22:22:17] [Server thread/INFO]: [BedWars1058] Hook into Citizens support. /bw npc
[22:22:17] [Server thread/ERROR]: [BedWars1058] Invalid npc id: 10
[22:22:17] [Server thread/INFO]: -------- World Settings For [speedway] --------
[22:22:17] [Server thread/INFO]: Custom Map Seeds:  Village: 10387312 Feature: 14357617 Monument: 10387313 Slime: 987234911
[22:22:17] [Server thread/INFO]: Allow Zombie Pigmen to spawn from portal blocks: true
[22:22:17] [Server thread/INFO]: Item Despawn Rate: 6000
[22:22:17] [Server thread/INFO]: Item Merge Radius: 2.5
[22:22:17] [Server thread/INFO]: Arrow Despawn Rate: 1200
[22:22:17] [Server thread/INFO]: View Distance: 10
[22:22:17] [Server thread/INFO]: Nerfing mobs spawned from spawners: false
[22:22:17] [Server thread/INFO]: Zombie Aggressive Towards Villager: true
[22:22:17] [Server thread/INFO]: Experience Merge Radius: 3.0
[22:22:17] [Server thread/INFO]: Mob Spawn Range: 4
[22:22:17] [Server thread/INFO]: Cactus Growth Modifier: 100%
[22:22:17] [Server thread/INFO]: Cane Growth Modifier: 100%
[22:22:17] [Server thread/INFO]: Melon Growth Modifier: 100%
[22:22:17] [Server thread/INFO]: Mushroom Growth Modifier: 100%
[22:22:17] [Server thread/INFO]: Pumpkin Growth Modifier: 100%
[22:22:17] [Server thread/INFO]: Sapling Growth Modifier: 100%
[22:22:17] [Server thread/INFO]: Wheat Growth Modifier: 100%
[22:22:17] [Server thread/INFO]: NetherWart Growth Modifier: 100%
[22:22:17] [Server thread/INFO]: Vine Growth Modifier: 100%
[22:22:17] [Server thread/INFO]: Cocoa Growth Modifier: 100%
[22:22:17] [Server thread/INFO]: Entity Activation Range: An 32 / Mo 32 / Mi 16 / Tiv true
[22:22:17] [Server thread/INFO]: Random Lighting Updates: false
[22:22:17] [Server thread/INFO]: Structure Info Saving: true
[22:22:17] [Server thread/INFO]: Max TNT Explosions: 100
[22:22:17] [Server thread/INFO]: Hopper Transfer: 8 Hopper Check: 8 Hopper Amount: 1
[22:22:17] [Server thread/INFO]: Tile Max Tick Time: 50ms Entity max Tick Time: 50ms
[22:22:17] [Server thread/INFO]: Entity Tracking Range: Pl 48 / An 48 / Mo 48 / Mi 32 / Other 64
[22:22:17] [Server thread/INFO]: Preparing start region for level 3 (Seed: 5334033954218919970)
[22:22:18] [Server thread/INFO]: [BedWars1058] Loading arena: treenan
[22:22:18] [Server thread/WARN]: [BedWars1058] Using TeamSelectorAssigner team assigner on arena: speedway
[22:22:18] [Server thread/INFO]: [BedWars1058] Load done: speedway
[22:22:18] [Server thread/INFO]: [WorldGuard] (speedway) TNT ignition is PERMITTED.
[22:22:18] [Server thread/INFO]: [WorldGuard] (speedway) Lighters are PERMITTED.
[22:22:18] [Server thread/INFO]: [WorldGuard] (speedway) Lava fire is blocked.
[22:22:18] [Server thread/INFO]: [WorldGuard] (speedway) Fire spread is UNRESTRICTED.
[22:22:18] [Server thread/INFO]: [WorldGuard] Loaded configuration for world 'speedway'
[22:22:18] [Server thread/INFO]: -------- World Settings For [treenan] --------
[22:22:18] [Server thread/INFO]: Custom Map Seeds:  Village: 10387312 Feature: 14357617 Monument: 10387313 Slime: 987234911
[22:22:18] [Server thread/INFO]: Allow Zombie Pigmen to spawn from portal blocks: true
[22:22:18] [Server thread/INFO]: Item Despawn Rate: 6000
[22:22:18] [Server thread/INFO]: Item Merge Radius: 2.5
[22:22:18] [Server thread/INFO]: Arrow Despawn Rate: 1200
[22:22:18] [Server thread/INFO]: View Distance: 10
[22:22:18] [Server thread/INFO]: Nerfing mobs spawned from spawners: false
[22:22:18] [Server thread/INFO]: Zombie Aggressive Towards Villager: true
[22:22:18] [Server thread/INFO]: Experience Merge Radius: 3.0
[22:22:18] [Server thread/INFO]: Mob Spawn Range: 4
[22:22:18] [Server thread/INFO]: Cactus Growth Modifier: 100%
[22:22:18] [Server thread/INFO]: Cane Growth Modifier: 100%
[22:22:18] [Server thread/INFO]: Melon Growth Modifier: 100%
[22:22:18] [Server thread/INFO]: Mushroom Growth Modifier: 100%
[22:22:18] [Server thread/INFO]: Pumpkin Growth Modifier: 100%
[22:22:18] [Server thread/INFO]: Sapling Growth Modifier: 100%
[22:22:18] [Server thread/INFO]: Wheat Growth Modifier: 100%
[22:22:18] [Server thread/INFO]: NetherWart Growth Modifier: 100%
[22:22:18] [Server thread/INFO]: Vine Growth Modifier: 100%
[22:22:18] [Server thread/INFO]: Cocoa Growth Modifier: 100%
[22:22:18] [Server thread/INFO]: Entity Activation Range: An 32 / Mo 32 / Mi 16 / Tiv true
[22:22:18] [Server thread/INFO]: Random Lighting Updates: false
[22:22:18] [Server thread/INFO]: Structure Info Saving: true
[22:22:18] [Server thread/INFO]: Max TNT Explosions: 100
[22:22:18] [Server thread/INFO]: Hopper Transfer: 8 Hopper Check: 8 Hopper Amount: 1
[22:22:18] [Server thread/INFO]: Tile Max Tick Time: 50ms Entity max Tick Time: 50ms
[22:22:18] [Server thread/INFO]: Entity Tracking Range: Pl 48 / An 48 / Mo 48 / Mi 32 / Other 64
[22:22:18] [Server thread/INFO]: Preparing start region for level 4 (Seed: 4380968997276028311)
[22:22:19] [Server thread/WARN]: [BedWars1058] Using TeamSelectorAssigner team assigner on arena: treenan
[22:22:19] [Server thread/INFO]: [BedWars1058] Load done: treenan
[22:22:19] [Server thread/INFO]: [WorldGuard] (treenan) TNT ignition is PERMITTED.
[22:22:19] [Server thread/INFO]: [WorldGuard] (treenan) Lighters are PERMITTED.
[22:22:19] [Server thread/INFO]: [WorldGuard] (treenan) Lava fire is blocked.
[22:22:19] [Server thread/INFO]: [WorldGuard] (treenan) Fire spread is UNRESTRICTED.
[22:22:19] [Server thread/INFO]: [WorldGuard] Loaded configuration for world 'treenan'
[22:22:20] [Server thread/INFO]: [BedWars1058] This server is running in MULTIARENA with auto-scale false
[22:22:27] [Server thread/INFO]: CONSOLE issued server command: /help 
[22:22:27] [Server thread/INFO]: To view help from the console, type ?.[m
[22:22:30] [Server thread/INFO]: [0;33;1m--------- [0;37;1mHelp: Index [0;33;1m---------------------------[m
[22:22:30] [Server thread/INFO]: [0;37;22mUse /help [n] to get page n of help.[m
[22:22:30] [Server thread/INFO]: [0;33;22majLeaderboards: [0;37;1mAll commands for ajLeaderboards[m
[22:22:30] [Server thread/INFO]: [0;33;22mAliases: [0;37;1mLists command aliases[m
[22:22:30] [Server thread/INFO]: [0;33;22mBlockParticles: [0;37;1mAll commands for BlockParticles[m
[22:22:30] [Server thread/INFO]: [0;33;22mBukkit: [0;37;1mAll commands for Bukkit[m
[22:22:30] [Server thread/INFO]: [0;33;22mChatExpressions: [0;37;1mAll commands for ChatExpressions[m
[22:22:30] [Server thread/INFO]: [0;33;22mChestCommands: [0;37;1mAll commands for ChestCommands[m
[22:22:30] [Server thread/INFO]: [0;33;22mCitizens: [0;37;1mAll commands for Citizens[m
[22:22:30] [Server thread/INFO]: [0;33;22mCommandNPC: [0;37;1mAll commands for CommandNPC[m
[22:22:30] [Server thread/INFO]: [0;33;22mEssentials: [0;37;1mAll commands for Essentials[m
[22:22:30] [Server thread/INFO]: [0;33;22mGadgetsMenu: [0;37;1mAll commands for GadgetsMenu[m
[22:22:30] [Server thread/INFO]: [0;33;22mGSigns: [0;37;1mAll commands for GSigns[m
[22:22:30] [Server thread/INFO]: [0;33;22mInteractiveBooks: [0;37;1mAll commands for InteractiveBooks[m
[22:22:30] [Server thread/INFO]: [0;33;22mLeakParkour: [0;37;1mAll commands for LeakParkour[m
[22:22:30] [Server thread/INFO]: [0;33;22mMinecraft: [0;37;1mAll commands for Minecraft[m
[22:22:30] [Server thread/INFO]: [0;33;22mMOTD: [0;37;1mAll commands for MOTD[m
[22:22:30] [Server thread/INFO]: [0;33;22mMySkin: [0;37;1mAll commands for MySkin[m
[22:22:30] [Server thread/INFO]: [0;33;22mOldCombatMechanics: [0;37;1mAll commands for OldCombatMechanics[m
[22:22:30] [Server thread/INFO]: [0;33;22mPermissionsEx: [0;37;1mAll commands for PermissionsEx[m
[22:22:30] [Server thread/INFO]: [0;33;22mPlaceholderAPI: [0;37;1mAll commands for PlaceholderAPI[m
[22:22:30] [Server thread/INFO]: [0;33;22mPrivateMessage: [0;37;1mAll commands for PrivateMessage[m
[22:22:30] [Server thread/INFO]: [0;33;22mProtocolLib: [0;37;1mAll commands for ProtocolLib[m
[22:22:30] [Server thread/INFO]: [0;33;22mRankCommand: [0;37;1mAll commands for RankCommand[m
[22:22:30] [Server thread/INFO]: [0;33;22mSkript: [0;37;1mAll commands for Skript[m
[22:22:30] [Server thread/INFO]: [0;33;22mTAB: [0;37;1mAll commands for TAB[m
[22:22:30] [Server thread/INFO]: [0;33;22mTabooLib: [0;37;1mAll commands for TabooLib[m
[22:22:30] [Server thread/INFO]: [0;33;22mTrHologram: [0;37;1mAll commands for TrHologram[m
[22:22:30] [Server thread/INFO]: [0;33;22mUltraDeliveryMan: [0;37;1mAll commands for UltraDeliveryMan[m
[22:22:30] [Server thread/INFO]: [0;33;22mVault: [0;37;1mAll commands for Vault[m
[22:22:30] [Server thread/INFO]: [0;33;22mViaVersion: [0;37;1mAll commands for ViaVersion[m
[22:22:30] [Server thread/INFO]: [0;33;22mVoidSpawn: [0;37;1mAll commands for VoidSpawn[m
[22:22:30] [Server thread/INFO]: [0;33;22mWorldEdit: [0;37;1mAll commands for WorldEdit[m
[22:22:30] [Server thread/INFO]: [0;33;22mWorldGuard: [0;37;1mAll commands for WorldGuard[m
[22:22:30] [Server thread/INFO]: [0;33;22m/.s: [0;37;1mExecute last CraftScript[m
[22:22:30] [Server thread/INFO]: [0;33;22m//: [0;37;1mToggle the super pickaxe function[m
[22:22:30] [Server thread/INFO]: [0;33;22m//calc: [0;37;1mEvaluate a mathematical expression[m
[22:22:30] [Server thread/INFO]: [0;33;22m//center: [0;37;1mSet the center block(s)[m
[22:22:30] [Server thread/INFO]: [0;33;22m//chunk: [0;37;1mSet the selection to your current chunk.[m
[22:22:30] [Server thread/INFO]: [0;33;22m//clearhistory: [0;37;1mClear your history[m
[22:22:30] [Server thread/INFO]: [0;33;22m//contract: [0;37;1mContract the selection area[m
[22:22:30] [Server thread/INFO]: [0;33;22m//copy: [0;37;1mCopy the selection to the clipboard[m
[22:22:30] [Server thread/INFO]: [0;33;22m//count: [0;37;1mCounts the number of a certain type of block[m
[22:22:30] [Server thread/INFO]: [0;33;22m//curve: [0;37;1mDraws a spline through selected points[m
[22:22:30] [Server thread/INFO]: [0;33;22m//cut: [0;37;1mCut the selection to the clipboard[m
[22:22:30] [Server thread/INFO]: [0;33;22m//cyl: [0;37;1mGenerates a cylinder.[m
[22:22:30] [Server thread/INFO]: [0;33;22m//deform: [0;37;1mDeforms a selected region with an expression[m
[22:22:30] [Server thread/INFO]: [0;33;22m//distr: [0;37;1mGet the distribution of blocks in the selection[m
[22:22:30] [Server thread/INFO]: [0;33;22m//drain: [0;37;1mDrain a pool[m
[22:22:30] [Server thread/INFO]: [0;33;22m//ex: [0;37;1mExtinguish nearby fire[m
[22:22:30] [Server thread/INFO]: [0;33;22m//expand: [0;37;1mExpand the selection area[m
[22:22:30] [Server thread/INFO]: [0;33;22m//faces: [0;37;1mBuild the walls, ceiling, and floor of a selection[m
[22:22:30] [Server thread/INFO]: [0;33;22m//fast: [0;37;1mToggle fast mode[m
[22:22:30] [Server thread/INFO]: [0;33;22m//fill: [0;37;1mFill a hole[m
[22:22:30] [Server thread/INFO]: [0;33;22m//fillr: [0;37;1mFill a hole recursively[m
[22:22:30] [Server thread/INFO]: [0;33;22m//fixlava: [0;37;1mFix lava to be stationary[m
[22:22:30] [Server thread/INFO]: [0;33;22m//fixwater: [0;37;1mFix water to be stationary[m
[22:22:30] [Server thread/INFO]: [0;33;22m//flip: [0;37;1mFlip the contents of the clipboard[m
[22:22:30] [Server thread/INFO]: [0;33;22m//flora: [0;37;1mMake flora within the region[m
[22:22:30] [Server thread/INFO]: [0;33;22m//forest: [0;37;1mMake a forest within the region[m
[22:22:30] [Server thread/INFO]: [0;33;22m//generate: [0;37;1mGenerates a shape according to a formula.[m
[22:22:30] [Server thread/INFO]: [0;33;22m//generatebiome: [0;37;1mSets biome according to a formula.[m
[22:22:30] [Server thread/INFO]: [0;33;22m//gmask: [0;37;1mSet the global mask[m
[22:22:30] [Server thread/INFO]: [0;33;22m//green: [0;37;1mGreens the area[m
[22:22:30] [Server thread/INFO]: [0;33;22m//hcyl: [0;37;1mGenerates a hollow cylinder.[m
[22:22:30] [Server thread/INFO]: [0;33;22m//help: [0;37;1mDisplays help for WorldEdit commands[m
[22:22:30] [Server thread/INFO]: [0;33;22m//hollow: [0;37;1mHollows out the object contained in this selection[m
[22:22:30] [Server thread/INFO]: [0;33;22m//hpos1: [0;37;1mSet position 1 to targeted block[m
[22:22:30] [Server thread/INFO]: [0;33;22m//hpos2: [0;37;1mSet position 2 to targeted block[m
[22:22:30] [Server thread/INFO]: [0;33;22m//hpyramid: [0;37;1mGenerate a hollow pyramid[m
[22:22:30] [Server thread/INFO]: [0;33;22m//hsphere: [0;37;1mGenerates a hollow sphere.[m
[22:22:30] [Server thread/INFO]: [0;33;22m//inset: [0;37;1mInset the selection area[m
[22:22:30] [Server thread/INFO]: [0;33;22m//limit: [0;37;1mModify block change limit[m
[22:22:30] [Server thread/INFO]: [0;33;22m//line: [0;37;1mDraws a line segment between cuboid selection corners[m
[22:22:30] [Server thread/INFO]: [0;33;22m//load: [0;37;1mLoad a schematic into your clipboard[m
[22:22:30] [Server thread/INFO]: [0;33;22m//move: [0;37;1mMove the contents of the selection[m
[22:22:30] [Server thread/INFO]: [0;33;22m//naturalize: [0;37;1m3 layers of dirt on top then rock below[m
[22:22:30] [Server thread/INFO]: [0;33;22m//outset: [0;37;1mOutset the selection area[m
[22:22:30] [Server thread/INFO]: [0;33;22m//overlay: [0;37;1mSet a block on top of blocks in the region[m
[22:22:30] [Server thread/INFO]: [0;33;22m//paste: [0;37;1mPaste the clipboard's contents[m
[22:22:30] [Server thread/INFO]: [0;33;22m//pos1: [0;37;1mSet position 1[m
[22:22:30] [Server thread/INFO]: [0;33;22m//pos2: [0;37;1mSet position 2[m
[22:22:30] [Server thread/INFO]: [0;33;22m//pyramid: [0;37;1mGenerate a filled pyramid[m
[22:22:30] [Server thread/INFO]: [0;33;22m//redo: [0;37;1mRedoes the last action (from history)[m
[22:22:30] [Server thread/INFO]: [0;33;22m//regen: [0;37;1mRegenerates the contents of the selection[m
[22:22:30] [Server thread/INFO]: [0;33;22m//removeabove: [0;37;1mRemove blocks above your head.[m
[22:22:30] [Server thread/INFO]: [0;33;22m//removebelow: [0;37;1mRemove blocks below you.[m
[22:22:30] [Server thread/INFO]: [0;33;22m//removenear: [0;37;1mRemove blocks near you.[m
[22:22:30] [Server thread/INFO]: [0;33;22m//replace: [0;37;1mReplace all blocks in the selection with another[m
[22:22:30] [Server thread/INFO]: [0;33;22m//replacenear: [0;37;1mReplace nearby blocks[m
[22:22:30] [Server thread/INFO]: [0;33;22m//rotate: [0;37;1mRotate the contents of the clipboard[m
[22:22:30] [Server thread/INFO]: [0;33;22m//save: [0;37;1mSave a schematic into your clipboard[m
[22:22:30] [Server thread/INFO]: [0;33;22m//searchitem: [0;37;1mSearch for an item[m
[22:22:30] [Server thread/INFO]: [0;33;22m//sel: [0;37;1mChoose a region selector[m
[22:22:30] [Server thread/INFO]: [0;33;22m//set: [0;37;1mSet all blocks within selection[m
[22:22:30] [Server thread/INFO]: [0;33;22m//setbiome: [0;37;1mSets the biome of the player's current block or region.[m
[22:22:30] [Server thread/INFO]: [0;33;22m//shift: [0;37;1mShift the selection area[m
[22:22:30] [Server thread/INFO]: [0;33;22m//size: [0;37;1mGet information about the selection[m
[22:22:30] [Server thread/INFO]: [0;33;22m//smooth: [0;37;1mSmooth the elevation in the selection[m
[22:22:30] [Server thread/INFO]: [0;33;22m//snow: [0;37;1mSimulates snow[m
[22:22:30] [Server thread/INFO]: [0;33;22m//sphere: [0;37;1mGenerates a filled sphere.[m
[22:22:30] [Server thread/INFO]: [0;33;22m//stack: [0;37;1mRepeat the contents of the selection[m
[22:22:30] [Server thread/INFO]: [0;33;22m//thaw: [0;37;1mThaws the area[m
[22:22:30] [Server thread/INFO]: [0;33;22m//toggleplace: [0;37;1mSwitch between your position and pos1 for placement[m
[22:22:30] [Server thread/INFO]: [0;33;22m//undo: [0;37;1mUndoes the last action[m
[22:22:30] [Server thread/INFO]: [0;33;22m//walls: [0;37;1mBuild the four sides of the selection[m
[22:22:30] [Server thread/INFO]: [0;33;22m//wand: [0;37;1mGet the wand object[m
[22:22:30] [Server thread/INFO]: [0;33;22m/advancement: [0;37;1mA Mojang provided command.[m
[22:22:30] [Server thread/INFO]: [0;33;22m/afk: [0;37;1mMarks you as away-from-keyboard.[m
[22:22:30] [Server thread/INFO]: [0;33;22m/ajleaderboards: [0;37;1mCommands for ajLeaderBoards[m
[22:22:30] [Server thread/INFO]: [0;33;22m/allowfire: [0;37;1m[<world>] - Allows all fire spread temporarily[m
[22:22:30] [Server thread/INFO]: [0;33;22m/antioch: [0;37;1mA little surprise for operators.[m
[22:22:30] [Server thread/INFO]: [0;33;22m/ascend: [0;37;1mGo up a floor[m
[22:22:30] [Server thread/INFO]: [0;33;22m/backup: [0;37;1mRuns the backup if configured.[m
[22:22:30] [Server thread/INFO]: [0;33;22m/balance: [0;37;1mStates the current balance of a player.[m
[22:22:30] [Server thread/INFO]: [0;33;22m/balancetop: [0;37;1mGets the top balance values.[m
[22:22:30] [Server thread/INFO]: [0;33;22m/ban: [0;37;1mA Mojang provided command.[m
[22:22:30] [Server thread/INFO]: [0;33;22m/ban-ip: [0;37;1mA Mojang provided command.[m
[22:22:30] [Server thread/INFO]: [0;33;22m/banlist: [0;37;1mA Mojang provided command.[m
[22:22:30] [Server thread/INFO]: [0;33;22m/bigtree: [0;37;1mSpawn a big tree where you are looking.[m
[22:22:30] [Server thread/INFO]: [0;33;22m/biomeinfo: [0;37;1mGet the biome of the targeted block.[m
[22:22:30] [Server thread/INFO]: [0;33;22m/biomelist: [0;37;1mGets all biomes available.[m
[22:22:30] [Server thread/INFO]: [0;33;22m/blockdata: [0;37;1mA Mojang provided command.[m
[22:22:30] [Server thread/INFO]: [0;33;22m/blockparticle: [0;37;1mAdds particles to blocks![m
[22:22:30] [Server thread/INFO]: [0;33;22m/book: [0;37;1mAllows reopening and editing of sealed books.[m
[22:22:30] [Server thread/INFO]: [0;33;22m/break: [0;37;1mBreaks the block you are looking at.[m
[22:22:30] [Server thread/INFO]: [0;33;22m/brush: [0;37;1mBrushing commands[m
[22:22:30] [Server thread/INFO]: [0;33;22m/bukkit:help: [0;37;1mShows the help menu[m
[22:22:30] [Server thread/INFO]: [0;33;22m/burn: [0;37;1mSet a player on fire.[m
[22:22:30] [Server thread/INFO]: [0;33;22m/butcher: [0;37;1mKill all or nearby mobs[m
[22:22:30] [Server thread/INFO]: [0;33;22m/bw: [0;37;1m[m
[22:22:30] [Server thread/INFO]: [0;33;22m/ceil: [0;37;1mGo to the celing[m
[22:22:30] [Server thread/INFO]: [0;33;22m/chestcommands: [0;37;1mMain command for ChestCommands.[m
[22:22:30] [Server thread/INFO]: [0;33;22m/chunkinfo: [0;37;1mGet information about the chunk that you are inside[m
[22:22:30] [Server thread/INFO]: [0;33;22m/citizens: [0;37;1mAdministration commands[m
[22:22:30] [Server thread/INFO]: [0;33;22m/clearclipboard: [0;37;1mClear your clipboard[m
[22:22:30] [Server thread/INFO]: [0;33;22m/clearinventory: [0;37;1mClear all items in your inventory.[m
[22:22:30] [Server thread/INFO]: [0;33;22m/clone: [0;37;1mA Mojang provided command.[m
[22:22:30] [Server thread/INFO]: [0;33;22m/commandnpc: [0;37;1mReload this plugin.[m
[22:22:30] [Server thread/INFO]: [0;33;22m/compass: [0;37;1mDescribes your current bearing.[m
[22:22:30] [Server thread/INFO]: [0;33;22m/condense: [0;37;1mCondenses items into a more compact blocks.[m
[22:22:30] [Server thread/INFO]: [0;33;22m/cs: [0;37;1mExecute a CraftScript[m
[22:22:30] [Server thread/INFO]: [0;33;22m/customtext: [0;37;1mAllows you to create custom text commands.[m
[22:22:30] [Server thread/INFO]: [0;33;22m/cycler: [0;37;1mBlock data cycler tool[m
[22:22:30] [Server thread/INFO]: [0;33;22m/debug: [0;37;1mA Mojang provided command.[m
[22:22:30] [Server thread/INFO]: [0;33;22m/defaultgamemode: [0;37;1mA Mojang provided command.[m
[22:22:30] [Server thread/INFO]: [0;33;22m/delchunks: [0;37;1mDelete chunks that your selection includes[m
[22:22:30] [Server thread/INFO]: [0;33;22m/delhome: [0;37;1mRemoves a home.[m
[22:22:30] [Server thread/INFO]: [0;33;22m/deljail: [0;37;1mRemoves a jail.[m
[22:22:30] [Server thread/INFO]: [0;33;22m/deltree: [0;37;1mFloating tree remover tool[m
[22:22:30] [Server thread/INFO]: [0;33;22m/delwarp: [0;37;1mDeletes the specified warp.[m
[22:22:30] [Server thread/INFO]: [0;33;22m/demote: [0;37;1mPermission ladder demotion command.[m
[22:22:30] [Server thread/INFO]: [0;33;22m/deop: [0;37;1mA Mojang provided command.[m
[22:22:30] [Server thread/INFO]: [0;33;22m/depth: [0;37;1mStates current depth, relative to sea level.[m
[22:22:30] [Server thread/INFO]: [0;33;22m/descend: [0;37;1mGo down a floor[m
[22:22:30] [Server thread/INFO]: [0;33;22m/difficulty: [0;37;1mA Mojang provided command.[m
[22:22:30] [Server thread/INFO]: [0;33;22m/eco: [0;37;1mManages the server economy.[m
[22:22:30] [Server thread/INFO]: [0;33;22m/effect: [0;37;1mA Mojang provided command.[m
[22:22:30] [Server thread/INFO]: [0;33;22m/emojireload: [0;37;1mReload Configuration[m
[22:22:30] [Server thread/INFO]: [0;33;22m/emojis: [0;37;1mShows emoji list[m
[22:22:30] [Server thread/INFO]: [0;33;22m/emotes: [0;37;1mShows emoji list[m
[22:22:30] [Server thread/INFO]: [0;33;22m/enchant: [0;37;1mEnchants the item the user is holding.[m
[22:22:30] [Server thread/INFO]: [0;33;22m/enderchest: [0;37;1mLets you see inside an enderchest.[m
[22:22:30] [Server thread/INFO]: [0;33;22m/entitydata: [0;37;1mA Mojang provided command.[m
[22:22:30] [Server thread/INFO]: [0;33;22m/essentials: [0;37;1mReloads essentials.[m
[22:22:30] [Server thread/INFO]: [0;33;22m/essentials:info: [0;37;1mShows information set by the server owner.[m
[22:22:30] [Server thread/INFO]: [0;33;22m/essentials:remove: [0;37;1mRemoves entities in your world.[m
[22:22:30] [Server thread/INFO]: [0;33;22m/essentials:tree: [0;37;1mSpawn a tree where you are looking.[m
[22:22:30] [Server thread/INFO]: [0;33;22m/execute: [0;37;1mA Mojang provided command.[m
[22:22:30] [Server thread/INFO]: [0;33;22m/exp: [0;37;1mGive, set or look at a players exp.[m
[22:22:30] [Server thread/INFO]: [0;33;22m/ext: [0;37;1mExtinguish players.[m
[22:22:30] [Server thread/INFO]: [0;33;22m/farwand: [0;37;1mWand at a distance tool[m
[22:22:30] [Server thread/INFO]: [0;33;22m/feed: [0;37;1mSatisfy the hunger.[m
[22:22:30] [Server thread/INFO]: [0;33;22m/fill: [0;37;1mA Mojang provided command.[m
[22:22:30] [Server thread/INFO]: [0;33;22m/filter: [0;37;1mAdd or remove programmable filters to the packet listeners.[m
[22:22:30] [Server thread/INFO]: [0;33;22m/fireball: [0;37;1mThrow a fireball.[m
[22:22:30] [Server thread/INFO]: [0;33;22m/firework: [0;37;1mAllows you to modify a stack of fireworks.[m
[22:22:30] [Server thread/INFO]: [0;33;22m/floodfill: [0;37;1mFlood fill tool[m
[22:22:30] [Server thread/INFO]: [0;33;22m/fly: [0;37;1mTake off, and soar![m
[22:22:30] [Server thread/INFO]: [0;33;22m/forestgen: [0;37;1mGenerate a forest[m
[22:22:30] [Server thread/INFO]: [0;33;22m/function: [0;37;1mA Mojang provided command.[m
[22:22:30] [Server thread/INFO]: [0;33;22m/gadgetsmenu: [0;37;1mGadgetsMenu main command.[m
[22:22:30] [Server thread/INFO]: [0;33;22m/gamemode: [0;37;1mChange player gamemode.[m
[22:22:30] [Server thread/INFO]: [0;33;22m/gamemodesigns: [0;37;1m[m
[22:22:30] [Server thread/INFO]: [0;33;22m/gamerule: [0;37;1mA Mojang provided command.[m
[22:22:30] [Server thread/INFO]: [0;33;22m/gc: [0;37;1mReports memory, uptime and tick info.[m
[22:22:30] [Server thread/INFO]: [0;33;22m/getpos: [0;37;1mGet your current coordinates or those of a player.[m
[22:22:30] [Server thread/INFO]: [0;33;22m/give: [0;37;1mGive a player an item.[m
[22:22:30] [Server thread/INFO]: [0;33;22m/gmysteryboxes: [0;37;1mGadgetsMenu mystery boxes command.[m
[22:22:30] [Server thread/INFO]: [0;33;22m/god: [0;37;1mEnables your godly powers.[m
[22:22:30] [Server thread/INFO]: [0;33;22m/gs: [0;37;1m[m
[22:22:30] [Server thread/INFO]: [0;33;22m/gsigns: [0;37;1m[m
[22:22:30] [Server thread/INFO]: [0;33;22m/halt-activity: [0;37;1mAttempts to cease as much activity in order to stop lag[m
[22:22:30] [Server thread/INFO]: [0;33;22m/hat: [0;37;1mGet some cool new headgear.[m
[22:22:30] [Server thread/INFO]: [0;33;22m/heal: [0;37;1mHeals you or the given player.[m
[22:22:30] [Server thread/INFO]: [0;33;22m/help: [0;37;1mViews a list of available commands.[m
[22:22:30] [Server thread/INFO]: [0;33;22m/helpop: [0;37;1mMessage online admins.[m
[22:22:30] [Server thread/INFO]: [0;33;22m/home: [0;37;1mTeleport to your home.[m
[22:22:30] [Server thread/INFO]: [0;33;22m/ibooks: [0;37;1mCommand to manage books[m
[22:22:30] [Server thread/INFO]: [0;33;22m/info: [0;37;1mBlock information tool[m
[22:22:30] [Server thread/INFO]: [0;33;22m/invsee: [0;37;1mSee the inventory of other players.[m
[22:22:30] [Server thread/INFO]: [0;33;22m/item: [0;37;1mSpawn an item.[m
[22:22:30] [Server thread/INFO]: [0;33;22m/itemdb: [0;37;1mSearches for an item.[m
[22:22:30] [Server thread/INFO]: [0;33;22m/jails: [0;37;1mList all jails.[m
[22:22:30] [Server thread/INFO]: [0;33;22m/jump: [0;37;1mJumps to the nearest block in the line of sight.[m
[22:22:30] [Server thread/INFO]: [0;33;22m/jumpto: [0;37;1mTeleport to a location[m
[22:22:30] [Server thread/INFO]: [0;33;22m/kick: [0;37;1mA Mojang provided command.[m
[22:22:30] [Server thread/INFO]: [0;33;22m/kickall: [0;37;1mKicks all players off the server except the issuer.[m
[22:22:30] [Server thread/INFO]: [0;33;22m/kill: [0;37;1mA Mojang provided command.[m
[22:22:30] [Server thread/INFO]: [0;33;22m/kit: [0;37;1mObtains the specified kit or views all available kits.[m
[22:22:30] [Server thread/INFO]: [0;33;22m/kittycannon: [0;37;1mThrow an exploding kitten at your opponent.[m
[22:22:30] [Server thread/INFO]: [0;33;22m/lightning: [0;37;1mThe power of Thor. Strike at cursor or player.[m
[22:22:30] [Server thread/INFO]: [0;33;22m/list: [0;37;1mList all online players.[m
[22:22:30] [Server thread/INFO]: [0;33;22m/listchunks: [0;37;1mList chunks that your selection includes[m
[22:22:30] [Server thread/INFO]: [0;33;22m/locate: [0;37;1mA Mojang provided command.[m
[22:22:30] [Server thread/INFO]: [0;33;22m/lrbuild: [0;37;1mLong-range building tool[m
[22:22:30] [Server thread/INFO]: [0;33;22m/mail: [0;37;1mManages inter-player, intra-server mail.[m
[22:22:30] [Server thread/INFO]: [0;33;22m/mask: [0;37;1mSet the brush mask[m
[22:22:30] [Server thread/INFO]: [0;33;22m/mat: [0;37;1mSet the brush material[m
[22:22:30] [Server thread/INFO]: [0;33;22m/me: [0;37;1mDescribes an action in the context of the player.[m
[22:22:30] [Server thread/INFO]: [0;33;22m/minecraft:clear: [0;37;1mA Mojang provided command.[m
[22:22:30] [Server thread/INFO]: [0;33;22m/minecraft:enchant: [0;37;1mA Mojang provided command.[m
[22:22:30] [Server thread/INFO]: [0;33;22m/minecraft:gamemode: [0;37;1mA Mojang provided command.[m
[22:22:30] [Server thread/INFO]: [0;33;22m/minecraft:give: [0;37;1mA Mojang provided command.[m
[22:22:30] [Server thread/INFO]: [0;33;22m/minecraft:help: [0;37;1mA Mojang provided command.[m
[22:22:30] [Server thread/INFO]: [0;33;22m/minecraft:list: [0;37;1mA Mojang provided command.[m
[22:22:30] [Server thread/INFO]: [0;33;22m/minecraft:me: [0;37;1mA Mojang provided command.[m
[22:22:30] [Server thread/INFO]: [0;33;22m/minecraft:recipe: [0;37;1mA Mojang provided command.[m
[22:22:30] [Server thread/INFO]: [0;33;22m/minecraft:reload: [0;37;1mA Mojang provided command.[m
[22:22:30] [Server thread/INFO]: [0;33;22m/minecraft:teleport: [0;37;1mA Mojang provided command.[m
[22:22:30] [Server thread/INFO]: [0;33;22m/minecraft:tell: [0;37;1mA Mojang provided command.[m
[22:22:30] [Server thread/INFO]: [0;33;22m/minecraft:time: [0;37;1mA Mojang provided command.[m
[22:22:30] [Server thread/INFO]: [0;33;22m/minecraft:tp: [0;37;1mA Mojang provided command.[m
[22:22:30] [Server thread/INFO]: [0;33;22m/minecraft:xp: [0;37;1mA Mojang provided command.[m
[22:22:30] [Server thread/INFO]: [0;33;22m/more: [0;37;1mFills the item stack in hand to maximum size.[m
[22:22:30] [Server thread/INFO]: [0;33;22m/motd: [0;37;1mViews the Message Of The Day.[m
[22:22:30] [Server thread/INFO]: [0;33;22m/motd:motd: [0;37;1mCheck your In-Game MOTD and Server MOTD.[m
[22:22:30] [Server thread/INFO]: [0;33;22m/msg: [0;37;1mSend a private message to a player.[m
[22:22:30] [Server thread/INFO]: [0;33;22m/mute: [0;37;1mMutes or unmutes a player.[m
[22:22:30] [Server thread/INFO]: [0;33;22m/myskin: [0;37;1mManage MySkin plugin[m
[22:22:30] [Server thread/INFO]: [0;33;22m/mysterydust: [0;37;1mGadgetsMenu mystery dust command.[m
[22:22:30] [Server thread/INFO]: [0;33;22m/near: [0;37;1mLists the players near by or around a player.[m
[22:22:30] [Server thread/INFO]: [0;33;22m/nick: [0;37;1mChange your nickname or that of another player.[m
[22:22:30] [Server thread/INFO]: [0;33;22m/none: [0;37;1mUnbind a bound tool from your current item[m
[22:22:30] [Server thread/INFO]: [0;33;22m/npc: [0;37;1mBasic commands for all NPC-related things[m
[22:22:30] [Server thread/INFO]: [0;33;22m/nuke: [0;37;1mMay death rain upon them.[m
[22:22:30] [Server thread/INFO]: [0;33;22m/oldcombatmechanics: [0;37;1mOldCombatMechanics's main command[m
[22:22:30] [Server thread/INFO]: [0;33;22m/op: [0;37;1mA Mojang provided command.[m
[22:22:30] [Server thread/INFO]: [0;33;22m/packet: [0;37;1mAdd or remove a simple packet listener.[m
[22:22:30] [Server thread/INFO]: [0;33;22m/packetlog: [0;37;1mLogs hex representations of packets to a file or console[m
[22:22:30] [Server thread/INFO]: [0;33;22m/pardon: [0;37;1mA Mojang provided command.[m
[22:22:30] [Server thread/INFO]: [0;33;22m/pardon-ip: [0;37;1mA Mojang provided command.[m
[22:22:30] [Server thread/INFO]: [0;33;22m/parkour: [0;37;1mMain LeakParkour command.[m
[22:22:30] [Server thread/INFO]: [0;33;22m/particle: [0;37;1mA Mojang provided command.[m
[22:22:30] [Server thread/INFO]: [0;33;22m/pay: [0;37;1mPays another player from your balance.[m
[22:22:30] [Server thread/INFO]: [0;33;22m/pex: [0;37;1mProvides access to Permissions commands and information.[m
[22:22:30] [Server thread/INFO]: [0;33;22m/ping: [0;37;1mPong![m
[22:22:30] [Server thread/INFO]: [0;33;22m/placeholderapi: [0;37;1mPlaceholderAPI Command[m
[22:22:30] [Server thread/INFO]: [0;33;22m/playsound: [0;37;1mA Mojang provided command.[m
[22:22:30] [Server thread/INFO]: [0;33;22m/plugins: [0;37;1mGets a list of plugins running on the server[m
[22:22:30] [Server thread/INFO]: [0;33;22m/potion: [0;37;1mAdds custom potion effects to a potion.[m
[22:22:30] [Server thread/INFO]: [0;33;22m/powertool: [0;37;1mAssigns a command to the item in hand.[m
[22:22:30] [Server thread/INFO]: [0;33;22m/powertooltoggle: [0;37;1mEnables or disables all current powertools.[m
[22:22:30] [Server thread/INFO]: [0;33;22m/privatemessage: [0;37;1mManage the PrivateMessage plugin.[m
[22:22:30] [Server thread/INFO]: [0;33;22m/privatemessage:socialspy: [0;37;1mSee the private messages of all players.[m
[22:22:30] [Server thread/INFO]: [0;33;22m/promote: [0;37;1mPermission ladder promotion command.[m
[22:22:30] [Server thread/INFO]: [0;33;22m/protocol: [0;37;1mPerforms administrative tasks regarding ProtocolLib.[m
[22:22:30] [Server thread/INFO]: [0;33;22m/ptime: [0;37;1mAdjust player's client time. Add @ prefix to fix.[m
[22:22:30] [Server thread/INFO]: [0;33;22m/pumpkins: [0;37;1mGenerate pumpkin patches[m
[22:22:30] [Server thread/INFO]: [0;33;22m/pweather: [0;37;1mAdjust a player's weather[m
[22:22:30] [Server thread/INFO]: [0;33;22m/range: [0;37;1mSet the brush range[m
[22:22:30] [Server thread/INFO]: [0;33;22m/rank: [0;37;1mRank set command[m
[22:22:30] [Server thread/INFO]: [0;33;22m/rankreload: [0;37;1mReloads the plugin config[m
[22:22:30] [Server thread/INFO]: [0;33;22m/realname: [0;37;1mDisplays the username of a user based on nick.[m
[22:22:30] [Server thread/INFO]: [0;33;22m/recipe: [0;37;1mDisplays how to craft items.[m
[22:22:30] [Server thread/INFO]: [0;33;22m/region: [0;37;1mRegion management commands[m
[22:22:30] [Server thread/INFO]: [0;33;22m/reload: [0;37;1mReloads the server configuration and plugins[m
[22:22:30] [Server thread/INFO]: [0;33;22m/remove: [0;37;1mRemove all entities of a type[m
[22:22:30] [Server thread/INFO]: [0;33;22m/repair: [0;37;1mRepairs the durability of one or all items.[m
[22:22:30] [Server thread/INFO]: [0;33;22m/repl: [0;37;1mBlock replacer tool[m
[22:22:30] [Server thread/INFO]: [0;33;22m/replaceitem: [0;37;1mA Mojang provided command.[m
[22:22:30] [Server thread/INFO]: [0;33;22m/reply: [0;37;1mReply to a player.[m
[22:22:30] [Server thread/INFO]: [0;33;22m/restart: [0;37;1mRestarts the server[m
[22:22:30] [Server thread/INFO]: [0;33;22m/restore: [0;37;1mRestore the selection from a snapshot[m
[22:22:30] [Server thread/INFO]: [0;33;22m/save-all: [0;37;1mA Mojang provided command.[m
[22:22:30] [Server thread/INFO]: [0;33;22m/save-off: [0;37;1mA Mojang provided command.[m
[22:22:30] [Server thread/INFO]: [0;33;22m/save-on: [0;37;1mA Mojang provided command.[m
[22:22:30] [Server thread/INFO]: [0;33;22m/say: [0;37;1mA Mojang provided command.[m
[22:22:30] [Server thread/INFO]: [0;33;22m/schematic: [0;37;1mSchematic commands for saving/loading areas[m
[22:22:30] [Server thread/INFO]: [0;33;22m/scoreboard: [0;37;1mA Mojang provided command.[m
[22:22:30] [Server thread/INFO]: [0;33;22m/script: [0;37;1mScripting commands[m
[22:22:30] [Server thread/INFO]: [0;33;22m/seed: [0;37;1mA Mojang provided command.[m
[22:22:30] [Server thread/INFO]: [0;33;22m/seen: [0;37;1mShows the last logout time of a player.[m
[22:22:30] [Server thread/INFO]: [0;33;22m/sell: [0;37;1mSells the item currently in your hand.[m
[22:22:30] [Server thread/INFO]: [0;33;22m/setblock: [0;37;1mA Mojang provided command.[m
[22:22:30] [Server thread/INFO]: [0;33;22m/sethome: [0;37;1mSet your home to your current location.[m
[22:22:30] [Server thread/INFO]: [0;33;22m/setidletimeout: [0;37;1mA Mojang provided command.[m
[22:22:30] [Server thread/INFO]: [0;33;22m/setjail: [0;37;1mCreates a jail where you specified named [jailname].[m
[22:22:30] [Server thread/INFO]: [0;33;22m/setservermotd: [0;37;1mSet your Server MOTD.[m
[22:22:30] [Server thread/INFO]: [0;33;22m/setwarp: [0;37;1mCreates a new warp.[m
[22:22:30] [Server thread/INFO]: [0;33;22m/setworldspawn: [0;37;1mA Mojang provided command.[m
[22:22:30] [Server thread/INFO]: [0;33;22m/setworth: [0;37;1mSet the sell value of an item.[m
[22:22:30] [Server thread/INFO]: [0;33;22m/size: [0;37;1mSet the brush size[m
[22:22:30] [Server thread/INFO]: [0;33;22m/skin: [0;37;1mSet your, or another player's skin.[m
[22:22:30] [Server thread/INFO]: [0;33;22m/skinsearch: [0;37;1mChoose one of the random skins from menu.[m
[22:22:30] [Server thread/INFO]: [0;33;22m/skript: [0;37;1mSkript's main command. Type '/skript help' for more information.[m
[22:22:30] [Server thread/INFO]: [0;33;22m/skull: [0;37;1mSet the owner of a player skull[m
[22:22:30] [Server thread/INFO]: [0;33;22m/snapshot: [0;37;1mSchematic commands for saving/loading areas[m
[22:22:30] [Server thread/INFO]: [0;33;22m/socialspy: [0;37;1mToggles if you can see msg/mail commands in chat.[m
[22:22:30] [Server thread/INFO]: [0;33;22m/spawner: [0;37;1mChange the mob type of a spawner.[m
[22:22:30] [Server thread/INFO]: [0;33;22m/spawnmob: [0;37;1mSpawns a mob.[m
[22:22:30] [Server thread/INFO]: [0;33;22m/spawnpoint: [0;37;1mA Mojang provided command.[m
[22:22:30] [Server thread/INFO]: [0;33;22m/speed: [0;37;1mChange your speed limits.[m
[22:22:30] [Server thread/INFO]: [0;33;22m/spigot: [0;37;1mSpigot related commands[m
[22:22:30] [Server thread/INFO]: [0;33;22m/spreadplayers: [0;37;1mA Mojang provided command.[m
[22:22:30] [Server thread/INFO]: [0;33;22m/stats: [0;37;1mA Mojang provided command.[m
[22:22:30] [Server thread/INFO]: [0;33;22m/stop: [0;37;1mA Mojang provided command.[m
[22:22:30] [Server thread/INFO]: [0;33;22m/stopfire: [0;37;1m[<world>] - Disables all fire spread temporarily[m
[22:22:30] [Server thread/INFO]: [0;33;22m/stopsound: [0;37;1mA Mojang provided command.[m
[22:22:30] [Server thread/INFO]: [0;33;22m/sudo: [0;37;1mMake another user perform a command.[m
[22:22:30] [Server thread/INFO]: [0;33;22m/suicide: [0;37;1mCauses you to perish.[m
[22:22:30] [Server thread/INFO]: [0;33;22m/summon: [0;37;1mA Mojang provided command.[m
[22:22:30] [Server thread/INFO]: [0;33;22m/superpickaxe: [0;37;1mSuper-pickaxe commands[m
[22:22:30] [Server thread/INFO]: [0;33;22m/tab: [0;37;1m[m
[22:22:30] [Server thread/INFO]: [0;33;22m/taboolib: [0;37;1m[m
[22:22:30] [Server thread/INFO]: [0;33;22m/taboolibkether: [0;37;1m/TabooLibKether[m
[22:22:30] [Server thread/INFO]: [0;33;22m/tellraw: [0;37;1mA Mojang provided command.[m
[22:22:30] [Server thread/INFO]: [0;33;22m/template: [0;37;1mTemplate commands[m
[22:22:30] [Server thread/INFO]: [0;33;22m/testfor: [0;37;1mA Mojang provided command.[m
[22:22:30] [Server thread/INFO]: [0;33;22m/testforblock: [0;37;1mA Mojang provided command.[m
[22:22:30] [Server thread/INFO]: [0;33;22m/testforblocks: [0;37;1mA Mojang provided command.[m
[22:22:30] [Server thread/INFO]: [0;33;22m/thru: [0;37;1mPassthrough walls[m
[22:22:30] [Server thread/INFO]: [0;33;22m/thunder: [0;37;1mEnable/disable thunder.[m
[22:22:30] [Server thread/INFO]: [0;33;22m/time: [0;37;1mDisplay/Change the world time. Defaults to current world.[m
[22:22:30] [Server thread/INFO]: [0;33;22m/timings: [0;37;1mManages Spigot Timings data to see performance of the server.[m
[22:22:30] [Server thread/INFO]: [0;33;22m/title: [0;37;1mA Mojang provided command.[m
[22:22:30] [Server thread/INFO]: [0;33;22m/toggledownfall: [0;37;1mA Mojang provided command.[m
[22:22:30] [Server thread/INFO]: [0;33;22m/toggleeditwand: [0;37;1mToggle functionality of the edit wand[m
[22:22:30] [Server thread/INFO]: [0;33;22m/togglejail: [0;37;1mJails/Unjails a player, TPs them to the jail specified.[m
[22:22:30] [Server thread/INFO]: [0;33;22m/tool: [0;37;1mBind functions to held items[m
[22:22:30] [Server thread/INFO]: [0;33;22m/top: [0;37;1mTeleport to the highest block at your current position.[m
[22:22:30] [Server thread/INFO]: [0;33;22m/tp: [0;37;1mTeleport to a player.[m
[22:22:30] [Server thread/INFO]: [0;33;22m/tpa: [0;37;1mRequest to teleport to the specified player.[m
[22:22:30] [Server thread/INFO]: [0;33;22m/tpaall: [0;37;1mRequests all players online to teleport to you.[m
[22:22:30] [Server thread/INFO]: [0;33;22m/tpaccept: [0;37;1mAccepts a teleport request.[m
[22:22:30] [Server thread/INFO]: [0;33;22m/tpahere: [0;37;1mRequest that the specified player teleport to you.[m
[22:22:30] [Server thread/INFO]: [0;33;22m/tpall: [0;37;1mTeleport all online players to another player.[m
[22:22:30] [Server thread/INFO]: [0;33;22m/tpdeny: [0;37;1mReject a teleport request.[m
[22:22:30] [Server thread/INFO]: [0;33;22m/tpo: [0;37;1mTeleport override for tptoggle.[m
[22:22:30] [Server thread/INFO]: [0;33;22m/tpohere: [0;37;1mTeleport here override for tptoggle.[m
[22:22:30] [Server thread/INFO]: [0;33;22m/tppos: [0;37;1mTeleport to coordinates.[m
[22:22:30] [Server thread/INFO]: [0;33;22m/tps: [0;37;1mGets the current ticks per second for the server[m
[22:22:30] [Server thread/INFO]: [0;33;22m/tptoggle: [0;37;1mBlocks all forms of teleportation.[m
[22:22:30] [Server thread/INFO]: [0;33;22m/trait: [0;37;1mTrait commands[m
[22:22:30] [Server thread/INFO]: [0;33;22m/traitc: [0;37;1mConfigures traits[m
[22:22:30] [Server thread/INFO]: [0;33;22m/tree: [0;37;1mTree generator tool[m
[22:22:30] [Server thread/INFO]: [0;33;22m/trhologram: [0;37;1m/trhologram[m
[22:22:30] [Server thread/INFO]: [0;33;22m/trigger: [0;37;1mA Mojang provided command.[m
[22:22:30] [Server thread/INFO]: [0;33;22m/ultradeliveryman: [0;37;1m[m
[22:22:30] [Server thread/INFO]: [0;33;22m/unlimited: [0;37;1mAllows the unlimited placing of items.[m
[22:22:30] [Server thread/INFO]: [0;33;22m/unstuck: [0;37;1mEscape from being stuck inside a block[m
[22:22:30] [Server thread/INFO]: [0;33;22m/up: [0;37;1mGo upwards some distance[m
[22:22:30] [Server thread/INFO]: [0;33;22m/vault-convert: [0;37;1mConverts all data in economy1 and dumps it into economy2[m
[22:22:30] [Server thread/INFO]: [0;33;22m/vault-info: [0;37;1mDisplays information about Vault[m
[22:22:30] [Server thread/INFO]: [0;33;22m/version: [0;37;1mGets the version of this server including any plugins in use[m
[22:22:30] [Server thread/INFO]: [0;33;22m/viaversion: [0;37;1mShows ViaVersion Version and more.[m
[22:22:30] [Server thread/INFO]: [0;33;22m/voidspawn: [0;37;1mAll commands for voidspawn[m
[22:22:30] [Server thread/INFO]: [0;33;22m/warp: [0;37;1mList all warps or warp to the specified location.[m
[22:22:30] [Server thread/INFO]: [0;33;22m/waypoint: [0;37;1mWaypoint commands[m
[22:22:30] [Server thread/INFO]: [0;33;22m/weather: [0;37;1mA Mojang provided command.[m
[22:22:30] [Server thread/INFO]: [0;33;22m/whitelist: [0;37;1mA Mojang provided command.[m
[22:22:30] [Server thread/INFO]: [0;33;22m/whois: [0;37;1mDetermine the username behind a nickname.[m
[22:22:30] [Server thread/INFO]: [0;33;22m/workbench: [0;37;1mOpens up a workbench.[m
[22:22:30] [Server thread/INFO]: [0;33;22m/world: [0;37;1mSwitch between worlds.[m
[22:22:30] [Server thread/INFO]: [0;33;22m/worldborder: [0;37;1mA Mojang provided command.[m
[22:22:30] [Server thread/INFO]: [0;33;22m/worldedit: [0;37;1mWorldEdit commands[m
[22:22:30] [Server thread/INFO]: [0;33;22m/worldguard: [0;37;1mWorldGuard commands[m
[22:22:30] [Server thread/INFO]: [0;33;22m/worth: [0;37;1mCalculates the worth of items in hand or as specified.[m
